  Collision.cpp
z:\workshop\ctf\ais3_2019_staff\game\src\game\ecs\flagcomponent.h(15): warning C4244: '引數': 將 'int' 轉換為 'float'，由於類型不同，可能導致資料遺失
  ECS.cpp
  Vector2D.cpp
  GameObject.cpp
  Gamp.cpp
z:\workshop\ctf\ais3_2019_staff\game\src\game\ecs\flagcomponent.h(15): warning C4244: '引數': 將 'int' 轉換為 'float'，由於類型不同，可能導致資料遺失
z:\workshop\ctf\ais3_2019_staff\game\src\game\gamp.cpp(81): warning C4244: '引數': 將 'time_t' 轉換為 'unsigned int'，由於類型不同，可能導致資料遺失
z:\workshop\ctf\ais3_2019_staff\game\src\game\gamp.cpp(157): warning C4244: '正在初始化': 將 'double' 轉換為 'float'，由於類型不同，可能導致資料遺失
z:\workshop\ctf\ais3_2019_staff\game\src\game\gamp.cpp(246): warning C4305: '引數': 從 'double' 轉換為 'float'，是由較大的類型轉換為較小的類型，可能導致資料遺失
z:\workshop\ctf\ais3_2019_staff\game\src\game\ecs\ecs.h(71): warning C4244: '引數': 將 '_Ty' 轉換為 'float'，由於類型不同，可能導致資料遺失
          with
          [
              _Ty=int
          ]
  z:\workshop\ctf\ais3_2019_staff\game\src\game\gamp.cpp(68): note: 請參閱所要編譯的函式 樣板 具現化 'T &Entity::addComponent<TransformComponent,int,int>(int &&,int &&)' 之參考
          with
          [
              T=TransformComponent
          ]
  main.cpp
  Map.cpp
  TextureLoader.cpp
  正在產生程式碼
  All 833 functions were compiled because no usable IPDB/IOBJ from previous compilation was found.
  已完成程式碼產生
  Game.vcxproj -> Z:\workshop\CTF\AIS3_2019_staff\Game\src\x64\Release\Game.exe
