z:\workshop\ctf\ais3_2019_staff\game\src\x64\release\game.exe
z:\workshop\ctf\ais3_2019_staff\game\src\x64\release\game.pdb
z:\workshop\ctf\ais3_2019_staff\game\src\x64\release\game.ipdb
z:\workshop\ctf\ais3_2019_staff\game\src\x64\release\game.iobj
z:\workshop\ctf\ais3_2019_staff\game\src\game\x64\release\vc141.pdb
z:\workshop\ctf\ais3_2019_staff\game\src\game\x64\release\vector2d.obj
z:\workshop\ctf\ais3_2019_staff\game\src\game\x64\release\ecs.obj
z:\workshop\ctf\ais3_2019_staff\game\src\game\x64\release\main.obj
z:\workshop\ctf\ais3_2019_staff\game\src\game\x64\release\textureloader.obj
z:\workshop\ctf\ais3_2019_staff\game\src\game\x64\release\map.obj
z:\workshop\ctf\ais3_2019_staff\game\src\game\x64\release\gamp.obj
z:\workshop\ctf\ais3_2019_staff\game\src\game\x64\release\gameobject.obj
z:\workshop\ctf\ais3_2019_staff\game\src\game\x64\release\collision.obj
z:\workshop\ctf\ais3_2019_staff\game\src\game\x64\release\game.tlog\link.read.1.tlog
z:\workshop\ctf\ais3_2019_staff\game\src\game\x64\release\game.tlog\link.command.1.tlog
z:\workshop\ctf\ais3_2019_staff\game\src\game\x64\release\game.tlog\link.write.1.tlog
z:\workshop\ctf\ais3_2019_staff\game\src\game\x64\release\game.tlog\cl.read.1.tlog
z:\workshop\ctf\ais3_2019_staff\game\src\game\x64\release\game.tlog\cl.command.1.tlog
z:\workshop\ctf\ais3_2019_staff\game\src\game\x64\release\game.tlog\game.write.1u.tlog
z:\workshop\ctf\ais3_2019_staff\game\src\game\x64\release\game.tlog\cl.write.1.tlog
